current directory: /home/thanh2302/Documents/ruby/project/ventor/bundle/ruby/3.2.0/gems/date-3.3.4/ext/date
/home/thanh2302/.asdf/installs/ruby/3.2.2/bin/ruby extconf.rb
checking for rb_category_warn()... yes
checking for timezone in time.h with  -Werror... yes
checking for altzone in time.h with  -Werror... no
creating Makefile

current directory: /home/thanh2302/Documents/ruby/project/ventor/bundle/ruby/3.2.0/gems/date-3.3.4/ext/date
make DESTDIR\= sitearchdir\=./.gem.20240202-388490-s45dck sitelibdir\=./.gem.20240202-388490-s45dck clean

current directory: /home/thanh2302/Documents/ruby/project/ventor/bundle/ruby/3.2.0/gems/date-3.3.4/ext/date
make DESTDIR\= sitearchdir\=./.gem.20240202-388490-s45dck sitelibdir\=./.gem.20240202-388490-s45dck
compiling date_core.c
compiling date_parse.c
compiling date_strftime.c
compiling date_strptime.c
linking shared-object date_core.so

current directory: /home/thanh2302/Documents/ruby/project/ventor/bundle/ruby/3.2.0/gems/date-3.3.4/ext/date
make DESTDIR\= sitearchdir\=./.gem.20240202-388490-s45dck sitelibdir\=./.gem.20240202-388490-s45dck install
/usr/bin/install -c -m 0755 date_core.so ./.gem.20240202-388490-s45dck

current directory: /home/thanh2302/Documents/ruby/project/ventor/bundle/ruby/3.2.0/gems/date-3.3.4/ext/date
make DESTDIR\= sitearchdir\=./.gem.20240202-388490-s45dck sitelibdir\=./.gem.20240202-388490-s45dck clean
