current directory: /home/thanh2302/Documents/ruby/project/ventor/bundle/ruby/3.2.0/gems/websocket-driver-0.7.6/ext/websocket-driver
/home/thanh2302/.asdf/installs/ruby/3.2.2/bin/ruby extconf.rb
creating Makefile

current directory: /home/thanh2302/Documents/ruby/project/ventor/bundle/ruby/3.2.0/gems/websocket-driver-0.7.6/ext/websocket-driver
make DESTDIR\= sitearchdir\=./.gem.20240202-388490-ykjwvc sitelibdir\=./.gem.20240202-388490-ykjwvc clean

current directory: /home/thanh2302/Documents/ruby/project/ventor/bundle/ruby/3.2.0/gems/websocket-driver-0.7.6/ext/websocket-driver
make DESTDIR\= sitearchdir\=./.gem.20240202-388490-ykjwvc sitelibdir\=./.gem.20240202-388490-ykjwvc
compiling websocket_mask.c
websocket_mask.c: In function ‘Init_websocket_mask’:
websocket_mask.c:26:6: warning: old-style function definition [-Wold-style-definition]
   26 | void Init_websocket_mask()
      |      ^~~~~~~~~~~~~~~~~~~
websocket_mask.c: At top level:
cc1: note: unrecognized command-line option ‘-Wno-self-assign’ may have been intended to silence earlier diagnostics
cc1: note: unrecognized command-line option ‘-Wno-parentheses-equality’ may have been intended to silence earlier diagnostics
cc1: note: unrecognized command-line option ‘-Wno-constant-logical-operand’ may have been intended to silence earlier diagnostics
linking shared-object websocket_mask.so

current directory: /home/thanh2302/Documents/ruby/project/ventor/bundle/ruby/3.2.0/gems/websocket-driver-0.7.6/ext/websocket-driver
make DESTDIR\= sitearchdir\=./.gem.20240202-388490-ykjwvc sitelibdir\=./.gem.20240202-388490-ykjwvc install
/usr/bin/install -c -m 0755 websocket_mask.so ./.gem.20240202-388490-ykjwvc

current directory: /home/thanh2302/Documents/ruby/project/ventor/bundle/ruby/3.2.0/gems/websocket-driver-0.7.6/ext/websocket-driver
make DESTDIR\= sitearchdir\=./.gem.20240202-388490-ykjwvc sitelibdir\=./.gem.20240202-388490-ykjwvc clean
